<?xml version="1.0" encoding="UTF-8"?>
<testsuite xmlns:xsi="http://www.w3.org/2001/XMLSchema-instance" xsi:noNamespaceSchemaLocation="https://maven.apache.org/surefire/maven-failsafe-plugin/xsd/failsafe-test-report.xsd" name="com.fedex.ZDServer.cucumber.CucumberIT" time="23.96" tests="72" errors="0" skipped="0" failures="0">
  <properties>
[...]
</properties>
  <testcase name="Verify State - Province controller" classname="com.fedex.ZDServer.cucumber.CucumberIT" time="2.796"/>
  <testcase name="Verify State - Province controller" classname="com.fedex.ZDServer.cucumber.CucumberIT" time="0.105"/>
  <testcase name="Verify State - Province controller" classname="com.fedex.ZDServer.cucumber.CucumberIT" time="0.096"/>
  <testcase name="Verify State - Province controller" classname="com.fedex.ZDServer.cucumber.CucumberIT" time="0.077"/>
  <testcase name="Verify State - Province controller" classname="com.fedex.ZDServer.cucumber.CucumberIT" time="0.073"/>
  <testcase name="Verify State - Province controller" classname="com.fedex.ZDServer.cucumber.CucumberIT" time="0.073"/>
  <testcase name="Verify State - Province controller" classname="com.fedex.ZDServer.cucumber.CucumberIT" time="0.068"/>
  <testcase name="Verify State - Province controller" classname="com.fedex.ZDServer.cucumber.CucumberIT" time="0.074"/>
  <testcase name="Verify State - Province controller" classname="com.fedex.ZDServer.cucumber.CucumberIT" time="0.068"/>
  <testcase name="Verify State - Province controller" classname="com.fedex.ZDServer.cucumber.CucumberIT" time="0.065"/>
  <testcase name="Verify State - Province controller" classname="com.fedex.ZDServer.cucumber.CucumberIT" time="0.065"/>
  <testcase name="Verify State - Province controller" classname="com.fedex.ZDServer.cucumber.CucumberIT" time="0.064"/>
  <testcase name="Verify State - Province controller" classname="com.fedex.ZDServer.cucumber.CucumberIT" time="0.062"/>
  <testcase name="Verify State - Province controller" classname="com.fedex.ZDServer.cucumber.CucumberIT" time="0.062"/>
  <testcase name="Verify State - Province controller" classname="com.fedex.ZDServer.cucumber.CucumberIT" time="0.076"/>
  <testcase name="Verify State - Province controller" classname="com.fedex.ZDServer.cucumber.CucumberIT" time="0.056"/>
  <testcase name="Verify State - Province controller" classname="com.fedex.ZDServer.cucumber.CucumberIT" time="0.073"/>
  <testcase name="Verify State - Province controller" classname="com.fedex.ZDServer.cucumber.CucumberIT" time="0.057"/>
  <testcase name="Verify State - Province controller" classname="com.fedex.ZDServer.cucumber.CucumberIT" time="0.083"/>
  <testcase name="Verify State - Province controller" classname="com.fedex.ZDServer.cucumber.CucumberIT" time="0.066"/>
  <testcase name="Verify State - Province controller" classname="com.fedex.ZDServer.cucumber.CucumberIT" time="0.09"/>
  <testcase name="Verify State - Province controller" classname="com.fedex.ZDServer.cucumber.CucumberIT" time="0.049"/>
  <testcase name="Verify State - Province controller" classname="com.fedex.ZDServer.cucumber.CucumberIT" time="0.121"/>
  <testcase name="Verify State - Province controller" classname="com.fedex.ZDServer.cucumber.CucumberIT" time="0.142"/>
  <testcase name="Verify State - Province controller" classname="com.fedex.ZDServer.cucumber.CucumberIT" time="0.124"/>
  <testcase name="Verify State - Province controller" classname="com.fedex.ZDServer.cucumber.CucumberIT" time="0.046"/>
  <testcase name="Verify State - Province controller" classname="com.fedex.ZDServer.cucumber.CucumberIT" time="0.09"/>
  <testcase name="Verify State - Province controller" classname="com.fedex.ZDServer.cucumber.CucumberIT" time="0.15"/>
  <testcase name="Verify State - Province controller" classname="com.fedex.ZDServer.cucumber.CucumberIT" time="0.093"/>
  <testcase name="Verify State - Province controller" classname="com.fedex.ZDServer.cucumber.CucumberIT" time="0.069"/>
  <testcase name="Verify State - Province controller" classname="com.fedex.ZDServer.cucumber.CucumberIT" time="0.09"/>
  <testcase name="Verify State - Province controller" classname="com.fedex.ZDServer.cucumber.CucumberIT" time="0.197"/>
  <testcase name="Verify State - Province controller" classname="com.fedex.ZDServer.cucumber.CucumberIT" time="0.128"/>
  <testcase name="Verify State - Province controller" classname="com.fedex.ZDServer.cucumber.CucumberIT" time="0.118"/>
  <testcase name="Verify User unable to get State for invalid URL" classname="com.fedex.ZDServer.cucumber.CucumberIT" time="0.06"/>
  <testcase name="Verify User unable to get State for invalid URL" classname="com.fedex.ZDServer.cucumber.CucumberIT" time="0.037"/>
  <testcase name="Grid API Test cases to Add data for USA" classname="com.fedex.ZDServer.cucumber.CucumberIT" time="0.138"/>
  <testcase name="Grid API Test cases to Add data for USA" classname="com.fedex.ZDServer.cucumber.CucumberIT" time="0.047"/>
  <testcase name="Grid API Test cases to Add data for USA" classname="com.fedex.ZDServer.cucumber.CucumberIT" time="0.042"/>
  <testcase name="Grid API Test cases to Add data for USA" classname="com.fedex.ZDServer.cucumber.CucumberIT" time="0.05"/>
  <testcase name="Grid API Test cases to Add data for USA" classname="com.fedex.ZDServer.cucumber.CucumberIT" time="0.044"/>
  <testcase name="Grid API Test cases to Add data for USA" classname="com.fedex.ZDServer.cucumber.CucumberIT" time="0.058"/>
  <testcase name="Grid API Test cases to Add data for USA" classname="com.fedex.ZDServer.cucumber.CucumberIT" time="0.05"/>
  <testcase name="Grid API Test cases to Add data for USA" classname="com.fedex.ZDServer.cucumber.CucumberIT" time="0.055"/>
  <testcase name="Grid API Test cases to Add data for USA" classname="com.fedex.ZDServer.cucumber.CucumberIT" time="0.05"/>
  <testcase name="Grid API Test cases to Add data for USA" classname="com.fedex.ZDServer.cucumber.CucumberIT" time="0.05"/>
  <testcase name="Grid API Test cases to Add data for Canada" classname="com.fedex.ZDServer.cucumber.CucumberIT" time="0.048"/>
  <testcase name="Grid API Test cases to Add data for Canada" classname="com.fedex.ZDServer.cucumber.CucumberIT" time="0.071"/>
  <testcase name="Grid API Test cases to Add data for Canada" classname="com.fedex.ZDServer.cucumber.CucumberIT" time="0.067"/>
  <testcase name="Grid API Test cases to Add data for Canada" classname="com.fedex.ZDServer.cucumber.CucumberIT" time="0.024"/>
  <testcase name="Grid API Test cases to Add data for Canada" classname="com.fedex.ZDServer.cucumber.CucumberIT" time="0.043"/>
  <testcase name="Grid API Test cases to Add data for Canada" classname="com.fedex.ZDServer.cucumber.CucumberIT" time="0.046"/>
  <testcase name="Grid API Test cases to Add data for Canada" classname="com.fedex.ZDServer.cucumber.CucumberIT" time="0.055"/>
  <testcase name="Grid API Test cases to Add data for Canada" classname="com.fedex.ZDServer.cucumber.CucumberIT" time="0.052"/>
  <testcase name="Grid API Test cases to Add data for Invalid link" classname="com.fedex.ZDServer.cucumber.CucumberIT" time="0.043"/>
  <testcase name="Grid API Test cases to Add data for Invalid Data" classname="com.fedex.ZDServer.cucumber.CucumberIT" time="0.037"/>
  <testcase name="Grid API Test cases to Add data for Invalid Data" classname="com.fedex.ZDServer.cucumber.CucumberIT" time="0.054"/>
  <testcase name="Grid API Test cases to Add data for Invalid Data" classname="com.fedex.ZDServer.cucumber.CucumberIT" time="0.039"/>
  <testcase name="Grid API Test cases to Add data for Invalid Date" classname="com.fedex.ZDServer.cucumber.CucumberIT" time="0.029"/>
  <testcase name="Grid API Test cases to Modify data" classname="com.fedex.ZDServer.cucumber.CucumberIT" time="0.047"/>
  <testcase name="Grid API Test cases to Modify data" classname="com.fedex.ZDServer.cucumber.CucumberIT" time="0.052"/>
  <testcase name="Grid API Test cases to Modify data" classname="com.fedex.ZDServer.cucumber.CucumberIT" time="0.046"/>
  <testcase name="Grid API Test cases to Modify data" classname="com.fedex.ZDServer.cucumber.CucumberIT" time="0.045"/>
  <testcase name="Grid API Test cases to Modify data" classname="com.fedex.ZDServer.cucumber.CucumberIT" time="0.054"/>
  <testcase name="Grid API Test cases to Modify data for Canada" classname="com.fedex.ZDServer.cucumber.CucumberIT" time="0.055"/>
  <testcase name="Grid API Test cases to Modify data for Canada" classname="com.fedex.ZDServer.cucumber.CucumberIT" time="0.047"/>
  <testcase name="Grid API Test cases to Modify data for Canada" classname="com.fedex.ZDServer.cucumber.CucumberIT" time="0.049"/>
  <testcase name="Grid API Test cases to Modify data for Invalid URL" classname="com.fedex.ZDServer.cucumber.CucumberIT" time="0.039"/>
  <testcase name="Grid API Test cases to Modify data for Invalid Data" classname="com.fedex.ZDServer.cucumber.CucumberIT" time="0.039"/>
  <testcase name="Grid API Test cases to Modify data for Invalid Data" classname="com.fedex.ZDServer.cucumber.CucumberIT" time="0.052"/>
  <testcase name="Grid API Test cases to Modify data for Invalid Data" classname="com.fedex.ZDServer.cucumber.CucumberIT" time="0.053"/>
  <testcase name="Grid API Test cases to Modify data for Invalid Data" classname="com.fedex.ZDServer.cucumber.CucumberIT" time="0.012"/>
</testsuite>